<?xml version="1.0" encoding="utf-8"?><testsuites name="pytest tests"><testsuite name="pytest" errors="6" failures="0" skipped="0" tests="16" time="160.569" timestamp="2026-08-18T14:50:26.744882+00:00" hostname="agent-env-ab05f5cb-2f3a-4bd8-b2b4-33cfdc0ac6c8"><testcase classname="backend.tests.test_phase1_agents.TestEncounters" name="test_doctor_sees_encounter_in_list" time="19.433" /><testcase classname="backend.tests.test_phase1_agents.TestEncounters" name="test_encounter_for_non_sharing_patient_is_403" time="0.000"><error message="failed on setup with &quot;KeyError: 'MONGO_URL'&quot;">backend/tests/test_phase1_agents.py:23: in db
    return MongoClient(os.environ["MONGO_URL"])[os.environ["DB_NAME"]]
                       ^^^^^^^^^^^^^^^^^^^^^^^
&lt;frozen os&gt;:679: in __getitem__
    ???
E   KeyError: 'MONGO_URL'</error></testcase><testcase classname="backend.tests.test_phase1_agents.TestEncounters" name="test_non_participant_cannot_read_encounter" time="0.000"><error message="failed on setup with &quot;KeyError: 'MONGO_URL'&quot;">backend/tests/test_phase1_agents.py:23: in db
    return MongoClient(os.environ["MONGO_URL"])[os.environ["DB_NAME"]]
                       ^^^^^^^^^^^^^^^^^^^^^^^
&lt;frozen os&gt;:679: in __getitem__
    ???
E   KeyError: 'MONGO_URL'</error></testcase><testcase classname="backend.tests.test_phase1_agents.TestEncounters" name="test_patient_role_blocked_from_agent_routes" time="48.204" /><testcase classname="backend.tests.test_phase1_agents.TestBriefingGeneration" name="test_briefing_is_populated_draft" time="0.000" /><testcase classname="backend.tests.test_phase1_agents.TestBriefingGeneration" name="test_agent_run_recorded_without_patient_text" time="0.000"><error message="failed on setup with &quot;KeyError: 'MONGO_URL'&quot;">backend/tests/test_phase1_agents.py:23: in db
    return MongoClient(os.environ["MONGO_URL"])[os.environ["DB_NAME"]]
                       ^^^^^^^^^^^^^^^^^^^^^^^
&lt;frozen os&gt;:679: in __getitem__
    ???
E   KeyError: 'MONGO_URL'</error></testcase><testcase classname="backend.tests.test_phase1_agents.TestBriefingGeneration" name="test_exactly_one_run_per_attempt" time="0.000"><error message="failed on setup with &quot;KeyError: 'MONGO_URL'&quot;">backend/tests/test_phase1_agents.py:23: in db
    return MongoClient(os.environ["MONGO_URL"])[os.environ["DB_NAME"]]
                       ^^^^^^^^^^^^^^^^^^^^^^^
&lt;frozen os&gt;:679: in __getitem__
    ???
E   KeyError: 'MONGO_URL'</error></testcase><testcase classname="backend.tests.test_phase1_agents.TestBriefingGeneration" name="test_empty_patient_yields_low_confidence" time="0.000"><error message="failed on setup with &quot;KeyError: 'MONGO_URL'&quot;">backend/tests/test_phase1_agents.py:23: in db
    return MongoClient(os.environ["MONGO_URL"])[os.environ["DB_NAME"]]
                       ^^^^^^^^^^^^^^^^^^^^^^^
&lt;frozen os&gt;:679: in __getitem__
    ???
E   KeyError: 'MONGO_URL'</error></testcase><testcase classname="backend.tests.test_phase1_agents.TestArtifactLifecycle" name="test_edits_persist_and_sign_then_409" time="45.160" /><testcase classname="backend.tests.test_phase1_agents.TestArtifactLifecycle" name="test_thread_usable_after_signing" time="8.367" /><testcase classname="backend.tests.test_phase1_agents.TestArtifactLifecycle" name="test_agent_runs_paginated" time="1.841" /><testcase classname="backend.tests.test_phase1_agents.TestFollowUpThread" name="test_factual_answer_cites_a_real_vitals_document" time="0.000"><error message="failed on setup with &quot;KeyError: 'MONGO_URL'&quot;">backend/tests/test_phase1_agents.py:23: in db
    return MongoClient(os.environ["MONGO_URL"])[os.environ["DB_NAME"]]
                       ^^^^^^^^^^^^^^^^^^^^^^^
&lt;frozen os&gt;:679: in __getitem__
    ???
E   KeyError: 'MONGO_URL'</error></testcase><testcase classname="backend.tests.test_phase1_agents.TestFollowUpThread" name="test_clinical_judgement_is_refused[What's the likely diagnosis?]" time="9.191" /><testcase classname="backend.tests.test_phase1_agents.TestFollowUpThread" name="test_clinical_judgement_is_refused[What should I prescribe for this?]" time="7.583" /><testcase classname="backend.tests.test_phase1_agents.TestFollowUpThread" name="test_clinical_judgement_is_refused[Should I refer her to cardiology?]" time="9.126" /><testcase classname="backend.tests.test_phase1_agents.TestFollowUpThread" name="test_missing_data_is_not_estimated" time="11.501" /></testsuite></testsuites>