<?xml version="1.0" encoding="utf-8"?><testsuites name="pytest tests"><testsuite name="pytest" errors="0" failures="1" skipped="1" tests="28" time="68.632" timestamp="2026-07-16T20:50:25.316504+00:00" hostname="agent-env-ab05f5cb-2f3a-4bd8-b2b4-33cfdc0ac6c8"><testcase classname="backend.tests.backend_test.TestAuth" name="test_me_unauthenticated" time="0.276" /><testcase classname="backend.tests.backend_test.TestAuth" name="test_me_bearer" time="0.153" /><testcase classname="backend.tests.backend_test.TestAuth" name="test_me_cookie" time="0.144" /><testcase classname="backend.tests.backend_test.TestVitals" name="test_add_out_of_range_creates_alert" time="0.739" /><testcase classname="backend.tests.backend_test.TestVitals" name="test_list_vitals" time="0.114" /><testcase classname="backend.tests.backend_test.TestVitals" name="test_latest_vital" time="0.122" /><testcase classname="backend.tests.backend_test.TestVitals" name="test_simulate" time="0.167" /><testcase classname="backend.tests.backend_test.TestAlerts" name="test_mark_read" time="4.568" /><testcase classname="backend.tests.backend_test.TestMedications" name="test_create_med" time="0.117" /><testcase classname="backend.tests.backend_test.TestMedications" name="test_list" time="11.334" /><testcase classname="backend.tests.backend_test.TestMedications" name="test_today_schedule" time="19.645" /><testcase classname="backend.tests.backend_test.TestMedications" name="test_dose_taken" time="0.196" /><testcase classname="backend.tests.backend_test.TestMedications" name="test_dose_missed_creates_alert" time="0.265" /><testcase classname="backend.tests.backend_test.TestMedications" name="test_adherence" time="0.136" /><testcase classname="backend.tests.backend_test.TestMedications" name="test_delete" time="0.277" /><testcase classname="backend.tests.backend_test.TestDependents" name="test_create" time="0.134" /><testcase classname="backend.tests.backend_test.TestDependents" name="test_list" time="0.105" /><testcase classname="backend.tests.backend_test.TestDependents" name="test_vitals_scoped" time="0.221" /><testcase classname="backend.tests.backend_test.TestDependents" name="test_delete" time="0.163" /><testcase classname="backend.tests.backend_test.TestDoctorPortal" name="test_patient_forbidden" time="0.126" /><testcase classname="backend.tests.backend_test.TestDoctorPortal" name="test_role_and_sharing" time="0.000" /><testcase classname="backend.tests.backend_test.TestDoctorPortal" name="test_doctor_lists_patients" time="0.224" /><testcase classname="backend.tests.backend_test.TestDoctorPortal" name="test_doctor_summary" time="0.118" /><testcase classname="backend.tests.backend_test.TestChat" name="test_create_session" time="0.257" /><testcase classname="backend.tests.backend_test.TestChat" name="test_stream_message" time="6.796" /><testcase classname="backend.tests.backend_test.TestChat" name="test_generate_report" time="21.452" /><testcase classname="backend.tests.backend_test.TestPills" name="test_identify" time="0.263"><skipped type="pytest.skip" message="Could not fetch pill image">/app/backend/tests/backend_test.py:342: Could not fetch pill image</skipped></testcase><testcase classname="backend.tests.backend_test.TestPills" name="test_history" time="0.278"><failure message="assert (True and 0 &gt;= 1)&#10; +  where True = isinstance([], list)&#10; +    where [] = json()&#10; +      where json = &lt;Response [200]&gt;.json&#10; +  and   0 = len([])&#10; +    where [] = json()&#10; +      where json = &lt;Response [200]&gt;.json">backend/tests/backend_test.py:353: in test_history
    assert isinstance(r.json(), list) and len(r.json()) &gt;= 1
E   assert (True and 0 &gt;= 1)
E    +  where True = isinstance([], list)
E    +    where [] = json()
E    +      where json = &lt;Response [200]&gt;.json
E    +  and   0 = len([])
E    +    where [] = json()
E    +      where json = &lt;Response [200]&gt;.json</failure></testcase></testsuite></testsuites>